<?xml version="1.0" encoding="UTF-8"?>
<!-- Generated by org.testng.reporters.JUnitXMLReporter -->
<testsuite ignored="0" hostname="LAPTOP-FVC0VK09" failures="2" tests="8" name="Default test" time="0.06" errors="0" timestamp="2021-04-22T11:15:38 IST">
  <testcase classname="testNG_Tutorial.testNG_2" name="address_change" time="0.0">
    <failure type="org.testng.TestNGException" message="
Parameter &amp;apos;global_URL&amp;apos; is required by @Test on method address_change but has not been marked @Optional or defined
in C:\Users\91999\AppData\Local\Temp\testng-eclipse--184993288\testng-customsuite.xml">
      <![CDATA[org.testng.TestNGException: 
Parameter 'global_URL' is required by @Test on method address_change but has not been marked @Optional or defined
in C:\Users\91999\AppData\Local\Temp\testng-eclipse--184993288\testng-customsuite.xml
at org.testng.internal.Parameters.createParams(Parameters.java:268)
at org.testng.internal.Parameters.createParametersForMethod(Parameters.java:356)
at org.testng.internal.Parameters.createParameters(Parameters.java:700)
at org.testng.internal.Parameters.handleParameters(Parameters.java:875)
at org.testng.internal.Parameters.handleParameters(Parameters.java:740)
at org.testng.internal.ParameterHandler.handleParameters(ParameterHandler.java:59)
at org.testng.internal.ParameterHandler.createParameters(ParameterHandler.java:38)
at org.testng.internal.TestInvoker$MethodInvocationAgent.invoke(TestInvoker.java:789)
at org.testng.internal.TestInvoker.invokeTestMethods(TestInvoker.java:147)
at org.testng.internal.TestMethodWorker.invokeTestMethods(TestMethodWorker.java:146)
at org.testng.internal.TestMethodWorker.run(TestMethodWorker.java:128)
at java.base/java.util.ArrayList.forEach(ArrayList.java:1511)
at org.testng.TestRunner.privateRun(TestRunner.java:764)
at org.testng.TestRunner.run(TestRunner.java:585)
at org.testng.SuiteRunner.runTest(SuiteRunner.java:384)
at org.testng.SuiteRunner.runSequentially(SuiteRunner.java:378)
at org.testng.SuiteRunner.privateRun(SuiteRunner.java:337)
at org.testng.SuiteRunner.run(SuiteRunner.java:286)
at org.testng.SuiteRunnerWorker.runSuite(SuiteRunnerWorker.java:53)
at org.testng.SuiteRunnerWorker.run(SuiteRunnerWorker.java:96)
at org.testng.TestNG.runSuitesSequentially(TestNG.java:1218)
at org.testng.TestNG.runSuitesLocally(TestNG.java:1140)
at org.testng.TestNG.runSuites(TestNG.java:1069)
at org.testng.TestNG.run(TestNG.java:1037)
at org.testng.remote.AbstractRemoteTestNG.run(AbstractRemoteTestNG.java:115)
at org.testng.remote.RemoteTestNG.initAndRun(RemoteTestNG.java:251)
at org.testng.remote.RemoteTestNG.main(RemoteTestNG.java:77)
]]>
    </failure>
  </testcase> <!-- address_change -->
  <testcase classname="testNG_Tutorial.testNG_2" name="after_suite" time="0.004"/>
  <testcase classname="testNG_Tutorial.testNG_2" name="name_change" time="0.001"/>
  <testcase classname="testNG_Tutorial.testNG_2" name="personal_details_DOB_change" time="0.001"/>
  <testcase classname="testNG_Tutorial.testNG_2" name="personal_details_email_change" time="0.0">
    <failure type="org.testng.TestNGException" message="
Parameter &amp;apos;Test_URL&amp;apos; is required by @Test on method personal_details_email_change but has not been marked @Optional or defined
in C:\Users\91999\AppData\Local\Temp\testng-eclipse--184993288\testng-customsuite.xml">
      <![CDATA[org.testng.TestNGException: 
Parameter 'Test_URL' is required by @Test on method personal_details_email_change but has not been marked @Optional or defined
in C:\Users\91999\AppData\Local\Temp\testng-eclipse--184993288\testng-customsuite.xml
at org.testng.internal.Parameters.createParams(Parameters.java:268)
at org.testng.internal.Parameters.createParametersForMethod(Parameters.java:356)
at org.testng.internal.Parameters.createParameters(Parameters.java:700)
at org.testng.internal.Parameters.handleParameters(Parameters.java:875)
at org.testng.internal.Parameters.handleParameters(Parameters.java:740)
at org.testng.internal.ParameterHandler.handleParameters(ParameterHandler.java:59)
at org.testng.internal.ParameterHandler.createParameters(ParameterHandler.java:38)
at org.testng.internal.TestInvoker$MethodInvocationAgent.invoke(TestInvoker.java:789)
at org.testng.internal.TestInvoker.invokeTestMethods(TestInvoker.java:147)
at org.testng.internal.TestMethodWorker.invokeTestMethods(TestMethodWorker.java:146)
at org.testng.internal.TestMethodWorker.run(TestMethodWorker.java:128)
at java.base/java.util.ArrayList.forEach(ArrayList.java:1511)
at org.testng.TestRunner.privateRun(TestRunner.java:764)
at org.testng.TestRunner.run(TestRunner.java:585)
at org.testng.SuiteRunner.runTest(SuiteRunner.java:384)
at org.testng.SuiteRunner.runSequentially(SuiteRunner.java:378)
at org.testng.SuiteRunner.privateRun(SuiteRunner.java:337)
at org.testng.SuiteRunner.run(SuiteRunner.java:286)
at org.testng.SuiteRunnerWorker.runSuite(SuiteRunnerWorker.java:53)
at org.testng.SuiteRunnerWorker.run(SuiteRunnerWorker.java:96)
at org.testng.TestNG.runSuitesSequentially(TestNG.java:1218)
at org.testng.TestNG.runSuitesLocally(TestNG.java:1140)
at org.testng.TestNG.runSuites(TestNG.java:1069)
at org.testng.TestNG.run(TestNG.java:1037)
at org.testng.remote.AbstractRemoteTestNG.run(AbstractRemoteTestNG.java:115)
at org.testng.remote.RemoteTestNG.initAndRun(RemoteTestNG.java:251)
at org.testng.remote.RemoteTestNG.main(RemoteTestNG.java:77)
]]>
    </failure>
  </testcase> <!-- personal_details_email_change -->
  <testcase classname="testNG_Tutorial.testNG_2" name="personal_details_number_change" time="0.001"/>
  <testcase classname="testNG_Tutorial.testNG_2" name="personal_details_number_change" time="0.001"/>
  <testcase classname="testNG_Tutorial.testNG_2" name="personal_details_number_change" time="0.001"/>
</testsuite> <!-- Default test -->
